<?xml version="1.0" encoding="UTF-8"?>
<!-- Generated by org.testng.reporters.JUnitReportReporter -->
<testsuite hostname="DESKTOP-8ENQ6PH" failures="0" tests="3" name="TestRunner.RunnerTest" time="20.566" errors="0" timestamp="2023-11-07T15:54:39 IST" skipped="0">
  <testcase classname="TestRunner.RunnerTest" name="runScenario" time="13.682"/>
  <system-out/>
  <testcase classname="TestRunner.RunnerTest" name="runScenario" time="4.340"/>
  <system-out/>
  <testcase classname="TestRunner.RunnerTest" name="runScenario" time="2.544"/>
  <system-out/>
</testsuite> <!-- TestRunner.RunnerTest -->
